<testsuites><testsuite package="Lexer" id="0" name="Lexer" timestamp="2021-12-05T19:17:17" hostname="localhost" tests="88" failures="0" errors="0" time="0"><properties></properties><testcase name="Bold" classname="Lexer.Styles" time="0"></testcase><testcase name="Rapid blink" classname="Lexer.Styles" time="0"></testcase><testcase name="Foreground (implicit): red" classname="Lexer.Named colors" time="0"></testcase><testcase name="Foreground (explicit): red" classname="Lexer.Named colors" time="0"></testcase><testcase name="Background (explicit): red" classname="Lexer.Named colors" time="0"></testcase><testcase name="Foreground (implicit): dark-olive-green-1a" classname="Lexer.Named colors" time="0"></testcase><testcase name="Foreground (explicit): dark-olive-green-1a" classname="Lexer.Named colors" time="0"></testcase><testcase name="Background (explicit): dark-olive-green-1a" classname="Lexer.Named colors" time="0"></testcase><testcase name="red, bold, bg yellow" classname="Lexer.Compound (manually-defined tests)" time="0"></testcase><testcase name="ignores whitespace" classname="Lexer.Compound (manually-defined tests)" time="0"></testcase><testcase name="Red,Underline" classname="Lexer.Compound tags from named colors" time="0"></testcase><testcase name="Underline,Red" classname="Lexer.Compound tags from named colors" time="0"></testcase><testcase name="Bg Red,Underline" classname="Lexer.Compound tags from named colors" time="0"></testcase><testcase name="Underline,Bg Red" classname="Lexer.Compound tags from named colors" time="0"></testcase><testcase name="dark-olive-green-1a,Bold" classname="Lexer.Compound tags from named colors" time="0"></testcase><testcase name="Bold,dark-olive-green-1a" classname="Lexer.Compound tags from named colors" time="0"></testcase><testcase name="Red,Underline,Bg Red,Bold" classname="Lexer.Compound tags from named colors" time="0"></testcase><testcase name="Underline,Red,Bg Red,Bold" classname="Lexer.Compound tags from named colors" time="0"></testcase><testcase name="Underline,Bg Red,Red,Bold" classname="Lexer.Compound tags from named colors" time="0"></testcase><testcase name="Underline,Bg Red,Bold,Red" classname="Lexer.Compound tags from named colors" time="0"></testcase><testcase name="Red,Bg Red,Underline,Bold" classname="Lexer.Compound tags from named colors" time="0"></testcase><testcase name="Bg Red,Red,Underline,Bold" classname="Lexer.Compound tags from named colors" time="0"></testcase><testcase name="Bg Red,Underline,Red,Bold" classname="Lexer.Compound tags from named colors" time="0"></testcase><testcase name="Bg Red,Underline,Bold,Red" classname="Lexer.Compound tags from named colors" time="0"></testcase><testcase name="Red,Bg Red,Bold,Underline" classname="Lexer.Compound tags from named colors" time="0"></testcase><testcase name="Bg Red,Red,Bold,Underline" classname="Lexer.Compound tags from named colors" time="0"></testcase><testcase name="Bg Red,Bold,Red,Underline" classname="Lexer.Compound tags from named colors" time="0"></testcase><testcase name="Bg Red,Bold,Underline,Red" classname="Lexer.Compound tags from named colors" time="0"></testcase><testcase name="Red,Underline,Bold,Bg Red" classname="Lexer.Compound tags from named colors" time="0"></testcase><testcase name="Underline,Red,Bold,Bg Red" classname="Lexer.Compound tags from named colors" time="0"></testcase><testcase name="Underline,Bold,Red,Bg Red" classname="Lexer.Compound tags from named colors" time="0"></testcase><testcase name="Underline,Bold,Bg Red,Red" classname="Lexer.Compound tags from named colors" time="0"></testcase><testcase name="Red,Bold,Underline,Bg Red" classname="Lexer.Compound tags from named colors" time="0"></testcase><testcase name="Bold,Red,Underline,Bg Red" classname="Lexer.Compound tags from named colors" time="0"></testcase><testcase name="Bold,Underline,Red,Bg Red" classname="Lexer.Compound tags from named colors" time="0"></testcase><testcase name="Bold,Underline,Bg Red,Red" classname="Lexer.Compound tags from named colors" time="0"></testcase><testcase name="Red,Bold,Bg Red,Underline" classname="Lexer.Compound tags from named colors" time="0"></testcase><testcase name="Bold,Red,Bg Red,Underline" classname="Lexer.Compound tags from named colors" time="0"></testcase><testcase name="Bold,Bg Red,Red,Underline" classname="Lexer.Compound tags from named colors" time="0"></testcase><testcase name="Bold,Bg Red,Underline,Red" classname="Lexer.Compound tags from named colors" time="0"></testcase><testcase name="Foreground (implicit): fc9" classname="Lexer.Hex colors" time="0"></testcase><testcase name="Foreground (explicit): fc9" classname="Lexer.Hex colors" time="0"></testcase><testcase name="Background (explicit): fc9" classname="Lexer.Hex colors" time="0"></testcase><testcase name="Foreground (implicit): FC9" classname="Lexer.Hex colors" time="0"></testcase><testcase name="Foreground (explicit): FC9" classname="Lexer.Hex colors" time="0"></testcase><testcase name="Background (explicit): FC9" classname="Lexer.Hex colors" time="0"></testcase><testcase name="Foreground (implicit): f0c090" classname="Lexer.Hex colors" time="0"></testcase><testcase name="Foreground (explicit): f0c090" classname="Lexer.Hex colors" time="0"></testcase><testcase name="Background (explicit): f0c090" classname="Lexer.Hex colors" time="0"></testcase><testcase name="Foreground (implicit): F0C090" classname="Lexer.Hex colors" time="0"></testcase><testcase name="Foreground (explicit): F0C090" classname="Lexer.Hex colors" time="0"></testcase><testcase name="Background (explicit): F0C090" classname="Lexer.Hex colors" time="0"></testcase><testcase name="#F00,Underline" classname="Lexer.Compound tags from hex colors" time="0"></testcase><testcase name="Underline,#F00" classname="Lexer.Compound tags from hex colors" time="0"></testcase><testcase name="Bg #f0c090,Bold" classname="Lexer.Compound tags from hex colors" time="0"></testcase><testcase name="Bold,Bg #f0c090" classname="Lexer.Compound tags from hex colors" time="0"></testcase><testcase name="#F00,Underline,Bg #f0c090,Bold" classname="Lexer.Compound tags from hex colors" time="0"></testcase><testcase name="Underline,#F00,Bg #f0c090,Bold" classname="Lexer.Compound tags from hex colors" time="0"></testcase><testcase name="Underline,Bg #f0c090,#F00,Bold" classname="Lexer.Compound tags from hex colors" time="0"></testcase><testcase name="Underline,Bg #f0c090,Bold,#F00" classname="Lexer.Compound tags from hex colors" time="0"></testcase><testcase name="#F00,Bg #f0c090,Underline,Bold" classname="Lexer.Compound tags from hex colors" time="0"></testcase><testcase name="Bg #f0c090,#F00,Underline,Bold" classname="Lexer.Compound tags from hex colors" time="0"></testcase><testcase name="Bg #f0c090,Underline,#F00,Bold" classname="Lexer.Compound tags from hex colors" time="0"></testcase><testcase name="Bg #f0c090,Underline,Bold,#F00" classname="Lexer.Compound tags from hex colors" time="0"></testcase><testcase name="#F00,Bg #f0c090,Bold,Underline" classname="Lexer.Compound tags from hex colors" time="0"></testcase><testcase name="Bg #f0c090,#F00,Bold,Underline" classname="Lexer.Compound tags from hex colors" time="0"></testcase><testcase name="Bg #f0c090,Bold,#F00,Underline" classname="Lexer.Compound tags from hex colors" time="0"></testcase><testcase name="Bg #f0c090,Bold,Underline,#F00" classname="Lexer.Compound tags from hex colors" time="0"></testcase><testcase name="#F00,Underline,Bold,Bg #f0c090" classname="Lexer.Compound tags from hex colors" time="0"></testcase><testcase name="Underline,#F00,Bold,Bg #f0c090" classname="Lexer.Compound tags from hex colors" time="0"></testcase><testcase name="Underline,Bold,#F00,Bg #f0c090" classname="Lexer.Compound tags from hex colors" time="0"></testcase><testcase name="Underline,Bold,Bg #f0c090,#F00" classname="Lexer.Compound tags from hex colors" time="0"></testcase><testcase name="#F00,Bold,Underline,Bg #f0c090" classname="Lexer.Compound tags from hex colors" time="0"></testcase><testcase name="Bold,#F00,Underline,Bg #f0c090" classname="Lexer.Compound tags from hex colors" time="0"></testcase><testcase name="Bold,Underline,#F00,Bg #f0c090" classname="Lexer.Compound tags from hex colors" time="0"></testcase><testcase name="Bold,Underline,Bg #f0c090,#F00" classname="Lexer.Compound tags from hex colors" time="0"></testcase><testcase name="#F00,Bold,Bg #f0c090,Underline" classname="Lexer.Compound tags from hex colors" time="0"></testcase><testcase name="Bold,#F00,Bg #f0c090,Underline" classname="Lexer.Compound tags from hex colors" time="0"></testcase><testcase name="Bold,Bg #f0c090,#F00,Underline" classname="Lexer.Compound tags from hex colors" time="0"></testcase><testcase name="Bold,Bg #f0c090,Underline,#F00" classname="Lexer.Compound tags from hex colors" time="0"></testcase><testcase name="Invalid color name (fg implicit)" classname="Lexer.Invalid tags" time="0"></testcase><testcase name="Invalid color name (fg)" classname="Lexer.Invalid tags" time="0"></testcase><testcase name="Invalid color name (bg)" classname="Lexer.Invalid tags" time="0"></testcase><testcase name="Invalid color name" classname="Lexer.Invalid tags" time="0"></testcase><testcase name="Invalid tag (not matched as hex)" classname="Lexer.Invalid tags" time="0"></testcase><testcase name="Invalid color name (not matched as hex)" classname="Lexer.Invalid tags" time="0"></testcase><testcase name="Invalid tag (not matched as hex, in compound tag)" classname="Lexer.Invalid tags" time="0"></testcase><testcase name="Invalid color name (in compound tag)" classname="Lexer.Invalid tags" time="0"></testcase></testsuite></testsuites>
